e:\source\satellite\visualbasic\seesatvb\sgp4class\release\sgp4class.pch
e:\source\satellite\visualbasic\seesatvb\sgp4class\release\vc120.pdb
e:\source\satellite\visualbasic\seesatvb\sgp4class\release\stdafx.obj
e:\source\satellite\visualbasic\seesatvb\sgp4class\release\sgp4class.obj
e:\source\satellite\visualbasic\seesatvb\sgp4class\release\sgp4.obj
e:\source\satellite\visualbasic\seesatvb\sgp4class\release\sgp.obj
e:\source\satellite\visualbasic\seesatvb\sgp4class\release\sdp4.obj
e:\source\satellite\visualbasic\seesatvb\sgp4class\release\observe.obj
e:\source\satellite\visualbasic\seesatvb\sgp4class\release\get_el.obj
e:\source\satellite\visualbasic\seesatvb\sgp4class\release\dispatch.obj
e:\source\satellite\visualbasic\seesatvb\sgp4class\release\deep.obj
e:\source\satellite\visualbasic\seesatvb\sgp4class\release\common.obj
e:\source\satellite\visualbasic\seesatvb\sgp4class\release\basics.obj
e:\source\satellite\visualbasic\seesatvb\sgp4class\release\dllmain.obj
e:\source\satellite\visualbasic\seesatvb\release\sgp4class.dll
e:\source\satellite\visualbasic\seesatvb\release\sgp4class.pdb
e:\source\satellite\visualbasic\seesatvb\release\sgp4class.lib
e:\source\satellite\visualbasic\seesatvb\release\sgp4class.exp
e:\source\satellite\visualbasic\seesatvb\sgp4class\release\sgp4class.tlog\cl.command.1.tlog
e:\source\satellite\visualbasic\seesatvb\sgp4class\release\sgp4class.tlog\cl.read.1.tlog
e:\source\satellite\visualbasic\seesatvb\sgp4class\release\sgp4class.tlog\cl.write.1.tlog
e:\source\satellite\visualbasic\seesatvb\sgp4class\release\sgp4class.tlog\link.command.1.tlog
e:\source\satellite\visualbasic\seesatvb\sgp4class\release\sgp4class.tlog\link.read.1.tlog
e:\source\satellite\visualbasic\seesatvb\sgp4class\release\sgp4class.tlog\link.write.1.tlog
e:\source\satellite\visualbasic\seesatvb\sgp4class\release\sgp4class.tlog\sgp4class.write.1u.tlog
