e:\source\satellite\visualbasic\seesatvb\sgp4class\debug\sgp4class.pch
e:\source\satellite\visualbasic\seesatvb\sgp4class\debug\vc120.pdb
e:\source\satellite\visualbasic\seesatvb\sgp4class\debug\vc120.idb
e:\source\satellite\visualbasic\seesatvb\sgp4class\debug\stdafx.obj
e:\source\satellite\visualbasic\seesatvb\sgp4class\debug\basics.obj
e:\source\satellite\visualbasic\seesatvb\sgp4class\debug\common.obj
e:\source\satellite\visualbasic\seesatvb\sgp4class\debug\deep.obj
e:\source\satellite\visualbasic\seesatvb\sgp4class\debug\dispatch.obj
e:\source\satellite\visualbasic\seesatvb\sgp4class\debug\get_el.obj
e:\source\satellite\visualbasic\seesatvb\sgp4class\debug\observe.obj
e:\source\satellite\visualbasic\seesatvb\sgp4class\debug\sdp4.obj
e:\source\satellite\visualbasic\seesatvb\sgp4class\debug\sgp.obj
e:\source\satellite\visualbasic\seesatvb\sgp4class\debug\sgp4.obj
e:\source\satellite\visualbasic\seesatvb\sgp4class\debug\sgp4class.obj
e:\source\satellite\visualbasic\seesatvb\sgp4class\debug\dllmain.obj
e:\source\satellite\visualbasic\seesatvb\debug\sgp4class.ilk
e:\source\satellite\visualbasic\seesatvb\debug\sgp4class.dll
e:\source\satellite\visualbasic\seesatvb\debug\sgp4class.pdb
e:\source\satellite\visualbasic\seesatvb\debug\sgp4class.lib
e:\source\satellite\visualbasic\seesatvb\debug\sgp4class.exp
e:\source\satellite\visualbasic\seesatvb\sgp4class\debug\sgp4class.tlog\cl.command.1.tlog
e:\source\satellite\visualbasic\seesatvb\sgp4class\debug\sgp4class.tlog\cl.read.1.tlog
e:\source\satellite\visualbasic\seesatvb\sgp4class\debug\sgp4class.tlog\cl.write.1.tlog
e:\source\satellite\visualbasic\seesatvb\sgp4class\debug\sgp4class.tlog\link.command.1.tlog
e:\source\satellite\visualbasic\seesatvb\sgp4class\debug\sgp4class.tlog\link.read.1.tlog
e:\source\satellite\visualbasic\seesatvb\sgp4class\debug\sgp4class.tlog\link.write.1.tlog
e:\source\satellite\visualbasic\seesatvb\sgp4class\debug\sgp4class.tlog\sgp4class.write.1u.tlog
